<?xml version="1.0" encoding="UTF-8"?>
<!-- Generated by org.testng.reporters.JUnitXMLReporter -->
<testsuite ignored="0" hostname="DURGA" failures="1" tests="6" name="Chrome Test" time="508.256" errors="0" timestamp="2026-03-12T19:49:39 IST">
  <testcase classname="org.project.LoginUserTest" name="test2" time="312.469">
    <failure type="java.lang.AssertionError" message="The following asserts failed:
	URL Mismatch forx.com,
	URL Mismatch forlinkedin">
      <![CDATA[java.lang.AssertionError: The following asserts failed:
URL Mismatch forx.com,
URL Mismatch forlinkedin
at org.project.LoginUserTest.test2(LoginUserTest.java:274)
at java.base/java.util.ArrayList.forEach(ArrayList.java:1596)
... Removed 27 stack frames]]>
    </failure>
  </testcase> <!-- test2 -->
  <testcase classname="org.project.LoginUserTest" name="test1" time="133.504"/>
  <testcase classname="org.project.LoginUserTest" name="test1" time="1.903"/>
  <testcase classname="org.project.LoginUserTest" name="test1" time="1.348"/>
  <testcase classname="org.project.LoginUserTest" name="test1" time="1.239"/>
  <testcase classname="org.project.LoginUserTest" name="test1" time="1.249"/>
</testsuite> <!-- Chrome Test -->
