<?xml version="1.0" encoding="UTF-8"?>
<!-- Generated by org.testng.reporters.JUnitXMLReporter -->
<testsuite ignored="0" hostname="DURGA" failures="2" tests="6" name="Edge Test" time="219.968" errors="0" timestamp="2026-03-12T16:15:08 IST">
  <testcase classname="org.project.LoginUserTest" name="test2" time="103.009">
    <failure type="java.lang.NullPointerException" message="Cannot invoke &amp;quot;org.openqa.selenium.JavascriptExecutor.executeScript(String, Object[])&amp;quot; because &amp;quot;js&amp;quot; is null">
      <![CDATA[java.lang.NullPointerException: Cannot invoke "org.openqa.selenium.JavascriptExecutor.executeScript(String, Object[])" because "js" is null
at org.project.GuestPage.getMenuClose(GuestPage.java:72)
at org.project.LoginUserTest.test2(LoginUserTest.java:267)
at java.base/java.util.ArrayList.forEach(ArrayList.java:1596)
... Removed 25 stack frames]]>
    </failure>
  </testcase> <!-- test2 -->
  <testcase classname="org.project.LoginUserTest" name="test1" time="61.635">
    <failure type="java.lang.NullPointerException" message="Cannot invoke &amp;quot;org.openqa.selenium.JavascriptExecutor.executeScript(String, Object[])&amp;quot; because &amp;quot;js&amp;quot; is null">
      <![CDATA[java.lang.NullPointerException: Cannot invoke "org.openqa.selenium.JavascriptExecutor.executeScript(String, Object[])" because "js" is null
at org.project.HomePage.getAutoComplete(HomePage.java:53)
at org.project.LoginUserTest.test1(LoginUserTest.java:203)
at java.base/java.util.ArrayList.forEach(ArrayList.java:1596)
... Removed 25 stack frames]]>
    </failure>
  </testcase> <!-- test1 -->
  <testcase classname="org.project.LoginUserTest" name="test1" time="1.271"/>
  <testcase classname="org.project.LoginUserTest" name="test1" time="1.127"/>
  <testcase classname="org.project.LoginUserTest" name="test1" time="2.024"/>
  <testcase classname="org.project.LoginUserTest" name="test1" time="1.49"/>
</testsuite> <!-- Edge Test -->
