<?xml version="1.0" encoding="UTF-8"?>
<testng-results ignored="0" total="6" passed="5" failed="1" skipped="0">
  <reporter-output>
  </reporter-output>
  <suite started-at="2026-03-12T19:41:10 IST" name="Cross Browser Testing" finished-at="2026-03-12T19:49:38 IST" duration-ms="508256">
    <groups>
    </groups>
    <test started-at="2026-03-12T19:41:10 IST" name="Chrome Test" finished-at="2026-03-12T19:49:38 IST" duration-ms="508256">
      <class name="org.project.LoginUserTest">
        <test-method is-config="true" signature="setup(java.lang.String)[pri:0, instance:org.project.LoginUserTest@1f2586d6]" started-at="2026-03-12T19:41:10 IST" name="setup" finished-at="2026-03-12T19:41:18 IST" duration-ms="7801" status="PASS">
          <params>
            <param index="0">
              <value>
                <![CDATA[chrome]]>
              </value>
            </param>
          </params>
          <reporter-output>
          </reporter-output>
        </test-method> <!-- setup -->
        <test-method signature="test2(java.lang.String,java.lang.String)[pri:1, instance:org.project.LoginUserTest@1f2586d6]" started-at="2026-03-12T19:41:18 IST" name="test2" finished-at="2026-03-12T19:46:31 IST" duration-ms="312469" status="FAIL">
          <params>
            <param index="0">
              <value>
                <![CDATA[AF05088924]]>
              </value>
            </param>
            <param index="1">
              <value>
                <![CDATA[dur123]]>
              </value>
            </param>
          </params>
          <exception class="java.lang.AssertionError">
            <message>
              <![CDATA[The following asserts failed:
URL Mismatch forx.com,
URL Mismatch forlinkedin]]>
            </message>
            <full-stacktrace>
              <![CDATA[java.lang.AssertionError: The following asserts failed:
URL Mismatch forx.com,
URL Mismatch forlinkedin
at org.testng.asserts.SoftAssert.assertAll(SoftAssert.java:46)
at org.testng.asserts.SoftAssert.assertAll(SoftAssert.java:30)
at org.project.LoginUserTest.test2(LoginUserTest.java:274)
at java.base/jdk.internal.reflect.DirectMethodHandleAccessor.invoke(DirectMethodHandleAccessor.java:103)
at java.base/java.lang.reflect.Method.invoke(Method.java:580)
at org.testng.internal.invokers.MethodInvocationHelper.invokeMethod(MethodInvocationHelper.java:141)
at org.testng.internal.invokers.TestInvoker.invokeMethod(TestInvoker.java:697)
at org.testng.internal.invokers.TestInvoker.invokeTestMethod(TestInvoker.java:230)
at org.testng.internal.invokers.MethodRunner.runInSequence(MethodRunner.java:63)
at org.testng.internal.invokers.TestInvoker$MethodInvocationAgent.invoke(TestInvoker.java:1005)
at org.testng.internal.invokers.TestInvoker.invokeTestMethods(TestInvoker.java:203)
at org.testng.internal.invokers.TestMethodWorker.invokeTestMethods(TestMethodWorker.java:154)
at org.testng.internal.invokers.TestMethodWorker.run(TestMethodWorker.java:134)
at java.base/java.util.ArrayList.forEach(ArrayList.java:1596)
at org.testng.TestRunner.privateRun(TestRunner.java:744)
at org.testng.TestRunner.run(TestRunner.java:616)
at org.testng.SuiteRunner.runTest(SuiteRunner.java:421)
at org.testng.SuiteRunner.runSequentially(SuiteRunner.java:413)
at org.testng.SuiteRunner.privateRun(SuiteRunner.java:373)
at org.testng.SuiteRunner.run(SuiteRunner.java:312)
at org.testng.SuiteRunnerWorker.runSuite(SuiteRunnerWorker.java:52)
at org.testng.SuiteRunnerWorker.run(SuiteRunnerWorker.java:95)
at org.testng.TestNG.runSuitesSequentially(TestNG.java:1274)
at org.testng.TestNG.runSuitesLocally(TestNG.java:1208)
at org.testng.TestNG.runSuites(TestNG.java:1112)
at org.testng.TestNG.run(TestNG.java:1079)
at org.testng.remote.AbstractRemoteTestNG.run(AbstractRemoteTestNG.java:115)
at org.testng.remote.RemoteTestNG.initAndRun(RemoteTestNG.java:293)
at org.testng.remote.RemoteTestNG.main(RemoteTestNG.java:91)
]]>
            </full-stacktrace>
          </exception> <!-- java.lang.AssertionError -->
          <reporter-output>
          </reporter-output>
        </test-method> <!-- test2 -->
        <test-method is-config="true" signature="driverQuit()[pri:0, instance:org.project.LoginUserTest@1f2586d6]" started-at="2026-03-12T19:46:31 IST" name="driverQuit" finished-at="2026-03-12T19:46:32 IST" duration-ms="1239" status="PASS">
          <reporter-output>
          </reporter-output>
        </test-method> <!-- driverQuit -->
        <test-method is-config="true" signature="setup(java.lang.String)[pri:0, instance:org.project.LoginUserTest@1f2586d6]" started-at="2026-03-12T19:46:32 IST" name="setup" finished-at="2026-03-12T19:46:37 IST" duration-ms="5146" status="PASS">
          <params>
            <param index="0">
              <value>
                <![CDATA[chrome]]>
              </value>
            </param>
          </params>
          <reporter-output>
          </reporter-output>
        </test-method> <!-- setup -->
        <test-method signature="test1(java.lang.String,java.lang.String,java.lang.String,java.lang.String,java.lang.String,java.lang.String)[pri:2, instance:org.project.LoginUserTest@1f2586d6]" started-at="2026-03-12T19:46:37 IST" name="test1" data-provider="loginData" finished-at="2026-03-12T19:48:50 IST" duration-ms="133504" status="PASS">
          <params>
            <param index="0">
              <value>
                <![CDATA[AF05088924]]>
              </value>
            </param>
            <param index="1">
              <value>
                <![CDATA[dur123]]>
              </value>
            </param>
            <param index="2">
              <value>
                <![CDATA[Durga]]>
              </value>
            </param>
            <param index="3">
              <value>
                <![CDATA[Devi]]>
              </value>
            </param>
            <param index="4">
              <value>
                <![CDATA[durgadevirajendran33@gmail.com]]>
              </value>
            </param>
            <param index="5">
              <value>
                <![CDATA[ ]]>
              </value>
            </param>
          </params>
          <reporter-output>
          </reporter-output>
        </test-method> <!-- test1 -->
        <test-method is-config="true" signature="driverQuit()[pri:0, instance:org.project.LoginUserTest@1f2586d6]" started-at="2026-03-12T19:48:50 IST" name="driverQuit" finished-at="2026-03-12T19:48:51 IST" duration-ms="817" status="PASS">
          <reporter-output>
          </reporter-output>
        </test-method> <!-- driverQuit -->
        <test-method is-config="true" signature="setup(java.lang.String)[pri:0, instance:org.project.LoginUserTest@1f2586d6]" started-at="2026-03-12T19:48:51 IST" name="setup" finished-at="2026-03-12T19:49:10 IST" duration-ms="18506" status="PASS">
          <params>
            <param index="0">
              <value>
                <![CDATA[chrome]]>
              </value>
            </param>
          </params>
          <reporter-output>
          </reporter-output>
        </test-method> <!-- setup -->
        <test-method signature="test1(java.lang.String,java.lang.String,java.lang.String,java.lang.String,java.lang.String,java.lang.String)[pri:2, instance:org.project.LoginUserTest@1f2586d6]" started-at="2026-03-12T19:49:10 IST" name="test1" data-provider="loginData" finished-at="2026-03-12T19:49:12 IST" duration-ms="1903" status="PASS">
          <params>
            <param index="0">
              <value>
                <![CDATA[3333]]>
              </value>
            </param>
            <param index="1">
              <value>
                <![CDATA[dur123]]>
              </value>
            </param>
            <param index="2">
              <value>
                <![CDATA[]]>
              </value>
            </param>
            <param index="3">
              <value>
                <![CDATA[]]>
              </value>
            </param>
            <param index="4">
              <value>
                <![CDATA[]]>
              </value>
            </param>
            <param index="5">
              <value>
                <![CDATA[]]>
              </value>
            </param>
          </params>
          <reporter-output>
          </reporter-output>
        </test-method> <!-- test1 -->
        <test-method is-config="true" signature="driverQuit()[pri:0, instance:org.project.LoginUserTest@1f2586d6]" started-at="2026-03-12T19:49:12 IST" name="driverQuit" finished-at="2026-03-12T19:49:12 IST" duration-ms="668" status="PASS">
          <reporter-output>
          </reporter-output>
        </test-method> <!-- driverQuit -->
        <test-method is-config="true" signature="setup(java.lang.String)[pri:0, instance:org.project.LoginUserTest@1f2586d6]" started-at="2026-03-12T19:49:12 IST" name="setup" finished-at="2026-03-12T19:49:20 IST" duration-ms="7395" status="PASS">
          <params>
            <param index="0">
              <value>
                <![CDATA[chrome]]>
              </value>
            </param>
          </params>
          <reporter-output>
          </reporter-output>
        </test-method> <!-- setup -->
        <test-method signature="test1(java.lang.String,java.lang.String,java.lang.String,java.lang.String,java.lang.String,java.lang.String)[pri:2, instance:org.project.LoginUserTest@1f2586d6]" started-at="2026-03-12T19:49:20 IST" name="test1" data-provider="loginData" finished-at="2026-03-12T19:49:21 IST" duration-ms="1348" status="PASS">
          <params>
            <param index="0">
              <value>
                <![CDATA[AF05088924]]>
              </value>
            </param>
            <param index="1">
              <value>
                <![CDATA[982q]]>
              </value>
            </param>
            <param index="2">
              <value>
                <![CDATA[]]>
              </value>
            </param>
            <param index="3">
              <value>
                <![CDATA[]]>
              </value>
            </param>
            <param index="4">
              <value>
                <![CDATA[]]>
              </value>
            </param>
            <param index="5">
              <value>
                <![CDATA[]]>
              </value>
            </param>
          </params>
          <reporter-output>
          </reporter-output>
        </test-method> <!-- test1 -->
        <test-method is-config="true" signature="driverQuit()[pri:0, instance:org.project.LoginUserTest@1f2586d6]" started-at="2026-03-12T19:49:21 IST" name="driverQuit" finished-at="2026-03-12T19:49:22 IST" duration-ms="522" status="PASS">
          <reporter-output>
          </reporter-output>
        </test-method> <!-- driverQuit -->
        <test-method is-config="true" signature="setup(java.lang.String)[pri:0, instance:org.project.LoginUserTest@1f2586d6]" started-at="2026-03-12T19:49:22 IST" name="setup" finished-at="2026-03-12T19:49:26 IST" duration-ms="4879" status="PASS">
          <params>
            <param index="0">
              <value>
                <![CDATA[chrome]]>
              </value>
            </param>
          </params>
          <reporter-output>
          </reporter-output>
        </test-method> <!-- setup -->
        <test-method signature="test1(java.lang.String,java.lang.String,java.lang.String,java.lang.String,java.lang.String,java.lang.String)[pri:2, instance:org.project.LoginUserTest@1f2586d6]" started-at="2026-03-12T19:49:26 IST" name="test1" data-provider="loginData" finished-at="2026-03-12T19:49:28 IST" duration-ms="1239" status="PASS">
          <params>
            <param index="0">
              <value>
                <![CDATA[=$de]]>
              </value>
            </param>
            <param index="1">
              <value>
                <![CDATA[3dw]]>
              </value>
            </param>
            <param index="2">
              <value>
                <![CDATA[]]>
              </value>
            </param>
            <param index="3">
              <value>
                <![CDATA[]]>
              </value>
            </param>
            <param index="4">
              <value>
                <![CDATA[]]>
              </value>
            </param>
            <param index="5">
              <value>
                <![CDATA[]]>
              </value>
            </param>
          </params>
          <reporter-output>
          </reporter-output>
        </test-method> <!-- test1 -->
        <test-method is-config="true" signature="driverQuit()[pri:0, instance:org.project.LoginUserTest@1f2586d6]" started-at="2026-03-12T19:49:28 IST" name="driverQuit" finished-at="2026-03-12T19:49:29 IST" duration-ms="933" status="PASS">
          <reporter-output>
          </reporter-output>
        </test-method> <!-- driverQuit -->
        <test-method is-config="true" signature="setup(java.lang.String)[pri:0, instance:org.project.LoginUserTest@1f2586d6]" started-at="2026-03-12T19:49:29 IST" name="setup" finished-at="2026-03-12T19:49:37 IST" duration-ms="8044" status="PASS">
          <params>
            <param index="0">
              <value>
                <![CDATA[chrome]]>
              </value>
            </param>
          </params>
          <reporter-output>
          </reporter-output>
        </test-method> <!-- setup -->
        <test-method signature="test1(java.lang.String,java.lang.String,java.lang.String,java.lang.String,java.lang.String,java.lang.String)[pri:2, instance:org.project.LoginUserTest@1f2586d6]" started-at="2026-03-12T19:49:37 IST" name="test1" data-provider="loginData" finished-at="2026-03-12T19:49:38 IST" duration-ms="1249" status="PASS">
          <params>
            <param index="0">
              <value>
                <![CDATA[ ]]>
              </value>
            </param>
            <param index="1">
              <value>
                <![CDATA[ ]]>
              </value>
            </param>
            <param index="2">
              <value>
                <![CDATA[]]>
              </value>
            </param>
            <param index="3">
              <value>
                <![CDATA[]]>
              </value>
            </param>
            <param index="4">
              <value>
                <![CDATA[]]>
              </value>
            </param>
            <param index="5">
              <value>
                <![CDATA[]]>
              </value>
            </param>
          </params>
          <reporter-output>
          </reporter-output>
        </test-method> <!-- test1 -->
        <test-method is-config="true" signature="driverQuit()[pri:0, instance:org.project.LoginUserTest@1f2586d6]" started-at="2026-03-12T19:49:38 IST" name="driverQuit" finished-at="2026-03-12T19:49:38 IST" duration-ms="453" status="PASS">
          <reporter-output>
          </reporter-output>
        </test-method> <!-- driverQuit -->
      </class> <!-- org.project.LoginUserTest -->
    </test> <!-- Chrome Test -->
  </suite> <!-- Cross Browser Testing -->
</testng-results>
