<?xml version="1.0" encoding="UTF-8"?>
<!-- Generated by org.testng.reporters.JUnitReportReporter -->
<testsuite hostname="DURGA" failures="0" tests="6" name="org.project.TestNgProject" time="99.443" errors="0" timestamp="2026-03-12T02:06:45 IST" skipped="0">
  <testcase classname="org.project.TestNgProject" name="test1" time="66.676"/>
  <testcase classname="org.project.TestNgProject" name="test1" time="8.685"/>
  <testcase classname="org.project.TestNgProject" name="test1" time="7.434"/>
  <testcase classname="org.project.TestNgProject" name="test1" time="5.085"/>
  <testcase classname="org.project.TestNgProject" name="test1" time="6.586"/>
  <testcase classname="org.project.TestNgProject" name="test1" time="4.977"/>
</testsuite> <!-- org.project.TestNgProject -->
